<?xml version='1.0' encoding='UTF-8'?>
<testsuite hostname="DESKTOP-8ULK06U" name="fp1tests" tests="10" errors="0" failures="0" skipped="0" time="0.089" timestamp="2022-04-27T15:32:23">
          <properties>
      <property name="jline.esc.timeout" value="0"/><property name="java.runtime.name" value="OpenJDK Runtime Environment"/><property name="sun.boot.library.path" value="C:\Users\saura\AppData\Local\Coursier\cache\arc\https\github.com\AdoptOpenJDK\openjdk8-binaries\releases\download\jdk8u292-b10\OpenJDK8U-jdk_x64_windows_hotspot_8u292b10.zip\jdk8u292-b10\jre\bin"/><property name="java.vm.version" value="25.292-b10"/><property name="java.vm.vendor" value="AdoptOpenJDK"/><property name="java.vendor.url" value="https://adoptopenjdk.net/"/><property name="path.separator" value=";"/><property name="jna.loaded" value="true"/><property name="java.vm.name" value="OpenJDK 64-Bit Server VM"/><property name="file.encoding.pkg" value="sun.io"/><property name="user.country" value="US"/><property name="user.script" value=""/><property name="sun.java.launcher" value="SUN_STANDARD"/><property name="sun.os.patch.level" value=""/><property name="jna.nosys" value="true"/><property name="java.vm.specification.name" value="Java Virtual Machine Specification"/><property name="user.dir" value="D:\Depaul University\Q1\CSC_447\Projects\hw"/><property name="java.runtime.version" value="1.8.0_292-b10"/><property name="java.awt.graphicsenv" value="sun.awt.Win32GraphicsEnvironment"/><property name="java.endorsed.dirs" value="C:\Users\saura\AppData\Local\Coursier\cache\arc\https\github.com\AdoptOpenJDK\openjdk8-binaries\releases\download\jdk8u292-b10\OpenJDK8U-jdk_x64_windows_hotspot_8u292b10.zip\jdk8u292-b10\jre\lib\endorsed"/><property name="os.arch" value="amd64"/><property name="com.ibm.vm.bitmode" value="64"/><property name="java.io.tmpdir" value="C:\Users\saura\AppData\Local\Temp\"/><property name="line.separator" value="
"/><property name="java.vm.specification.vendor" value="Oracle Corporation"/><property name="log4j.ignoreTCL" value="true"/><property name="user.variant" value=""/><property name="os.name" value="Windows 10"/><property name="sun.jnu.encoding" value="Cp1252"/><property name="jnidispatch.path" value="C:\Users\saura\AppData\Local\Temp\jna-109210710\jna5928214155318829781.dll"/><property name="java.library.path" value="C:\Users\saura\AppData\Local\Coursier\cache\arc\https\github.com\AdoptOpenJDK\openjdk8-binaries\releases\download\jdk8u292-b10\OpenJDK8U-jdk_x64_windows_hotspot_8u292b10.zip\jdk8u292-b10\bin;C:\windows\Sun\Java\bin;C:\windows\system32;C:\windows;C:\Users\saura\AppData\Local\Coursier\cache\arc\https\github.com\AdoptOpenJDK\openjdk8-binaries\releases\download\jdk8u292-b10\OpenJDK8U-jdk_x64_windows_hotspot_8u292b10.zip\jdk8u292-b10\bin;C:\Program Files\Common Files\Oracle\Java\javapath;C:\windows\system32;C:\windows;C:\windows\System32\Wbem;C:\windows\System32\WindowsPowerShell\v1.0\;C:\windows\System32\OpenSSH\;C:\Program Files\Git\cmd;C:\Users\saura\AppData\Local\Microsoft\WindowsApps;C:\Program Files\JetBrains\IntelliJ IDEA Educational Edition 2021.3.4\bin;C:\Users\saura\AppData\Local\Programs\Microsoft VS Code\bin;C:\Users\saura\AppData\Local\Coursier\cache\arc\https\github.com\AdoptOpenJDK\openjdk8-binaries\releases\download\jdk8u292-b10\OpenJDK8U-jdk_x64_windows_hotspot_8u292b10.zip\jdk8u292-b10\bin;C:\Users\saura\AppData\Local\Coursier\data\bin;."/><property name="java.specification.name" value="Java Platform API Specification"/><property name="java.class.version" value="52.0"/><property name="sun.management.compiler" value="HotSpot 64-Bit Tiered Compilers"/><property name="os.version" value="10.0"/><property name="swoval.tmpdir" value="C:\Users\saura\.sbt\1.0"/><property name="user.home" value="C:\Users\saura"/><property name="user.timezone" value="America/Chicago"/><property name="java.awt.printerjob" value="sun.awt.windows.WPrinterJob"/><property name="file.encoding" value="UTF-8"/><property name="java.specification.version" value="1.8"/><property name="java.class.path" value="C:\Users\saura\AppData\Local\Coursier\cache\arc\https\github.com\sbt\sbt\releases\download\v1.6.2\sbt-1.6.2.zip\sbt\bin\sbt-launch.jar"/><property name="user.name" value="saura"/><property name="jline.shutdownhook" value="false"/><property name="java.vm.specification.version" value="1.8"/><property name="sun.java.command" value="xsbt.boot.Boot"/><property name="java.home" value="C:\Users\saura\AppData\Local\Coursier\cache\arc\https\github.com\AdoptOpenJDK\openjdk8-binaries\releases\download\jdk8u292-b10\OpenJDK8U-jdk_x64_windows_hotspot_8u292b10.zip\jdk8u292-b10\jre"/><property name="sun.arch.data.model" value="64"/><property name="user.language" value="en"/><property name="java.specification.vendor" value="Oracle Corporation"/><property name="awt.toolkit" value="sun.awt.windows.WToolkit"/><property name="java.vm.info" value="mixed mode"/><property name="java.version" value="1.8.0_292"/><property name="java.ext.dirs" value="C:\Users\saura\AppData\Local\Coursier\cache\arc\https\github.com\AdoptOpenJDK\openjdk8-binaries\releases\download\jdk8u292-b10\OpenJDK8U-jdk_x64_windows_hotspot_8u292b10.zip\jdk8u292-b10\jre\lib\ext;C:\windows\Sun\Java\lib\ext"/><property name="sun.boot.class.path" value="C:\Users\saura\AppData\Local\Coursier\cache\arc\https\github.com\AdoptOpenJDK\openjdk8-binaries\releases\download\jdk8u292-b10\OpenJDK8U-jdk_x64_windows_hotspot_8u292b10.zip\jdk8u292-b10\jre\lib\resources.jar;C:\Users\saura\AppData\Local\Coursier\cache\arc\https\github.com\AdoptOpenJDK\openjdk8-binaries\releases\download\jdk8u292-b10\OpenJDK8U-jdk_x64_windows_hotspot_8u292b10.zip\jdk8u292-b10\jre\lib\rt.jar;C:\Users\saura\AppData\Local\Coursier\cache\arc\https\github.com\AdoptOpenJDK\openjdk8-binaries\releases\download\jdk8u292-b10\OpenJDK8U-jdk_x64_windows_hotspot_8u292b10.zip\jdk8u292-b10\jre\lib\sunrsasign.jar;C:\Users\saura\AppData\Local\Coursier\cache\arc\https\github.com\AdoptOpenJDK\openjdk8-binaries\releases\download\jdk8u292-b10\OpenJDK8U-jdk_x64_windows_hotspot_8u292b10.zip\jdk8u292-b10\jre\lib\jsse.jar;C:\Users\saura\AppData\Local\Coursier\cache\arc\https\github.com\AdoptOpenJDK\openjdk8-binaries\releases\download\jdk8u292-b10\OpenJDK8U-jdk_x64_windows_hotspot_8u292b10.zip\jdk8u292-b10\jre\lib\jce.jar;C:\Users\saura\AppData\Local\Coursier\cache\arc\https\github.com\AdoptOpenJDK\openjdk8-binaries\releases\download\jdk8u292-b10\OpenJDK8U-jdk_x64_windows_hotspot_8u292b10.zip\jdk8u292-b10\jre\lib\charsets.jar;C:\Users\saura\AppData\Local\Coursier\cache\arc\https\github.com\AdoptOpenJDK\openjdk8-binaries\releases\download\jdk8u292-b10\OpenJDK8U-jdk_x64_windows_hotspot_8u292b10.zip\jdk8u292-b10\jre\lib\jfr.jar;C:\Users\saura\AppData\Local\Coursier\cache\arc\https\github.com\AdoptOpenJDK\openjdk8-binaries\releases\download\jdk8u292-b10\OpenJDK8U-jdk_x64_windows_hotspot_8u292b10.zip\jdk8u292-b10\jre\classes"/><property name="java.vendor" value="AdoptOpenJDK"/><property name="sun.stderr.encoding" value="cp437"/><property name="file.separator" value="\"/><property name="java.vendor.url.bug" value="https://github.com/AdoptOpenJDK/openjdk-support/issues"/><property name="sun.io.unicode.encoding" value="UnicodeLittle"/><property name="sun.cpu.endian" value="little"/><property name="sun.stdout.encoding" value="cp437"/><property name="sun.desktop" value="windows"/><property name="sun.cpu.isalist" value="amd64"/>
    </properties>
          <testcase classname="fp1tests" name="EX01 - factTest" time="0.01">
                      
                    </testcase><testcase classname="fp1tests" name="EX02 - fib" time="0.046">
                      
                    </testcase><testcase classname="fp1tests" name="EX03 - p1" time="0.009">
                      
                    </testcase><testcase classname="fp1tests" name="EX04 - t1" time="0.0">
                      
                    </testcase><testcase classname="fp1tests" name="EX05 - swap" time="0.0">
                      
                    </testcase><testcase classname="fp1tests" name="EX06 - sum" time="0.008">
                      
                    </testcase><testcase classname="fp1tests" name="EX07 - sumTail" time="0.0">
                      
                    </testcase><testcase classname="fp1tests" name="EX08 - maxList" time="0.008">
                      
                    </testcase><testcase classname="fp1tests" name="EX09 - maxTailAux" time="0.0">
                      
                    </testcase><testcase classname="fp1tests" name="EX10 - otpu" time="0.008">
                      
                    </testcase>
          <system-out><![CDATA[]]></system-out>
          <system-err><![CDATA[]]></system-err>
        </testsuite>